
-----
Test: tests/test_buy_product.py::test_select_product (call)
Start time: 2022-12-11 16:51:24.019487
Start name method: opening_homepage

End time: 2022-12-11 16:51:26.475783
End name method: opening_homepage
URL: https://www.xn-----elcjb0blled5a.xn--p1ai/

-----

-----
Test: tests/test_buy_product.py::test_select_product (call)
Start time: 2022-12-11 16:51:26.475783
Start name method: select_products

End time: 2022-12-11 16:51:28.138543
End name method: select_products
URL: https://www.xn-----elcjb0blled5a.xn--p1ai/catalog/smesitelnye-uzly-dlya-teplogo-pola-i-kollektornye-gruppy/filter/clear/apply/

-----

-----
Test: tests/test_buy_product.py::test_select_product (call)
Start time: 2022-12-11 16:51:28.138543
Start name method: buy_product

End time: 2022-12-11 16:51:31.619021
End name method: buy_product
URL: https://www.xn-----elcjb0blled5a.xn--p1ai/basket/

-----

-----
Test: tests/test_buy_product.py::test_select_product (call)
Start time: 2022-12-11 16:51:31.619021
Start name method: finish

End time: 2022-12-11 16:51:31.787001
End name method: finish
URL: https://www.xn-----elcjb0blled5a.xn--p1ai/basket/

-----

-----
Test: tests/test_check_main_tabs.py::test_check_main_tabs (call)
Start time: 2022-12-11 16:51:39.839327
Start name method: opening_homepage

End time: 2022-12-11 16:51:43.249956
End name method: opening_homepage
URL: https://www.xn-----elcjb0blled5a.xn--p1ai/

-----
