
-----
Test: tests/test_buy_product.py::test_select_product (call)
Start time: 2022-12-11 16:58:33.356576
Start name method: opening_homepage

End time: 2022-12-11 16:58:37.903775
End name method: opening_homepage
URL: https://www.xn-----elcjb0blled5a.xn--p1ai/

-----

-----
Test: tests/test_buy_product.py::test_select_product (call)
Start time: 2022-12-11 16:58:37.904771
Start name method: select_products

End time: 2022-12-11 16:58:40.418224
End name method: select_products
URL: https://www.xn-----elcjb0blled5a.xn--p1ai/catalog/smesitelnye-uzly-dlya-teplogo-pola-i-kollektornye-gruppy/filter/clear/apply/

-----

-----
Test: tests/test_buy_product.py::test_select_product (call)
Start time: 2022-12-11 16:58:40.418224
Start name method: buy_product

