
-----
Test: tests/test_buy_product.py::test_select_product (call)
Start time: 2022-12-11 17:15:51.995489
Start name method: opening_homepage

End time: 2022-12-11 17:15:56.811338
End name method: opening_homepage
URL: https://www.xn-----elcjb0blled5a.xn--p1ai/

-----

-----
Test: tests/test_buy_product.py::test_select_product (call)
Start time: 2022-12-11 17:15:56.811338
Start name method: select_products

End time: 2022-12-11 17:15:58.763846
End name method: select_products
URL: https://www.xn-----elcjb0blled5a.xn--p1ai/catalog/smesitelnye-uzly-dlya-teplogo-pola-i-kollektornye-gruppy/filter/clear/apply/

-----

-----
Test: tests/test_buy_product.py::test_select_product (call)
Start time: 2022-12-11 17:15:58.764843
Start name method: buy_product


-----
Test: tests/test_check_main_tabs.py::test_check_main_tabs (call)
Start time: 2022-12-11 17:16:34.358947
Start name method: opening_homepage

End time: 2022-12-11 17:16:36.948815
End name method: opening_homepage
URL: https://www.xn-----elcjb0blled5a.xn--p1ai/

-----

-----
Test: tests/test_check_main_tabs.py::test_check_main_tabs (call)
Start time: 2022-12-11 17:16:36.948815
Start name method: check_main_tabs

End time: 2022-12-11 17:17:24.486264
End name method: check_main_tabs
URL: data:,

-----

-----
Test: tests/test_check_main_tabs.py::test_check_main_tabs (call)
Start time: 2022-12-11 17:17:24.486264
Start name method: finish

End time: 2022-12-11 17:17:24.647881
End name method: finish
URL: data:,

-----
