
-----
Test: tests/test_buy_product.py::test_select_product (call)
Start time: 2022-12-11 16:49:58.065640
Start name method: opening_homepage

End time: 2022-12-11 16:50:03.090316
End name method: opening_homepage
URL: https://www.xn-----elcjb0blled5a.xn--p1ai/

-----

-----
Test: tests/test_buy_product.py::test_select_product (call)
Start time: 2022-12-11 16:50:03.090316
Start name method: select_products

End time: 2022-12-11 16:50:05.224779
End name method: select_products
URL: https://www.xn-----elcjb0blled5a.xn--p1ai/catalog/smesitelnye-uzly-dlya-teplogo-pola-i-kollektornye-gruppy/filter/clear/apply/

-----

-----
Test: tests/test_buy_product.py::test_select_product (call)
Start time: 2022-12-11 16:50:05.225777
Start name method: buy_product


-----
Test: tests/test_check_main_tabs.py::test_check_main_tabs (call)
Start time: 2022-12-11 16:50:41.787541
Start name method: opening_homepage

End time: 2022-12-11 16:50:45.513155
End name method: opening_homepage
URL: https://www.xn-----elcjb0blled5a.xn--p1ai/

-----
