
-----
Test: tests/test_buy_product.py::test_select_product (call)
Start time: 2022-12-11 16:55:51.829233
Start name method: opening_homepage

End time: 2022-12-11 16:55:53.815320
End name method: opening_homepage
URL: https://www.xn-----elcjb0blled5a.xn--p1ai/

-----

-----
Test: tests/test_buy_product.py::test_select_product (call)
Start time: 2022-12-11 16:55:53.815320
Start name method: select_products

End time: 2022-12-11 16:55:55.573051
End name method: select_products
URL: https://www.xn-----elcjb0blled5a.xn--p1ai/catalog/smesitelnye-uzly-dlya-teplogo-pola-i-kollektornye-gruppy/filter/clear/apply/

-----

-----
Test: tests/test_buy_product.py::test_select_product (call)
Start time: 2022-12-11 16:55:55.574048
Start name method: buy_product

End time: 2022-12-11 16:55:58.918333
End name method: buy_product
URL: https://www.xn-----elcjb0blled5a.xn--p1ai/basket/

-----

-----
Test: tests/test_buy_product.py::test_select_product (call)
Start time: 2022-12-11 16:55:58.918333
Start name method: finish

End time: 2022-12-11 16:55:59.098776
End name method: finish
URL: https://www.xn-----elcjb0blled5a.xn--p1ai/basket/

-----
