
-----
Test: tests/test_buy_product.py::test_select_product (call)
Start time: 2022-12-11 15:06:55.738676
Start name method: opening_homepage

End time: 2022-12-11 15:07:00.361284
End name method: opening_homepage
URL: https://www.xn-----elcjb0blled5a.xn--p1ai/

-----

-----
Test: tests/test_buy_product.py::test_select_product (call)
Start time: 2022-12-11 15:07:00.361284
Start name method: select_products

End time: 2022-12-11 15:07:02.357738
End name method: select_products
URL: https://www.xn-----elcjb0blled5a.xn--p1ai/catalog/smesitelnye-uzly-dlya-teplogo-pola-i-kollektornye-gruppy/filter/clear/apply/

-----

-----
Test: tests/test_buy_product.py::test_select_product (call)
Start time: 2022-12-11 15:07:02.357738
Start name method: buy_product

End time: 2022-12-11 15:07:06.183932
End name method: buy_product
URL: https://www.xn-----elcjb0blled5a.xn--p1ai/basket/

-----

-----
Test: tests/test_buy_product.py::test_select_product (call)
Start time: 2022-12-11 15:07:06.183932
Start name method: finish

End time: 2022-12-11 15:07:06.336122
End name method: finish
URL: https://www.xn-----elcjb0blled5a.xn--p1ai/basket/

-----
