
-----
Test: tests/test_buy_product.py::test_select_product_1 (call)
Start time: 2022-12-10 00:29:25.809518
Start name method: opening_homepage

End time: 2022-12-10 00:29:29.121974
End name method: opening_homepage
URL: https://www.xn-----elcjb0blled5a.xn--p1ai/

-----

-----
Test: tests/test_buy_product.py::test_select_product_1 (call)
Start time: 2022-12-10 00:29:29.123002
Start name method: select_products

End time: 2022-12-10 00:29:30.834226
End name method: select_products
URL: https://www.xn-----elcjb0blled5a.xn--p1ai/catalog/smesitelnye-uzly-dlya-teplogo-pola-i-kollektornye-gruppy/filter/clear/apply/

-----

-----
Test: tests/test_buy_product.py::test_select_product_1 (call)
Start time: 2022-12-10 00:29:30.834226
Start name method: buy_product1

End time: 2022-12-10 00:29:34.201549
End name method: buy_product1
URL: https://www.xn-----elcjb0blled5a.xn--p1ai/basket/

-----

-----
Test: tests/test_buy_product.py::test_select_product_1 (call)
Start time: 2022-12-10 00:29:34.201549
Start name method: finish

End time: 2022-12-10 00:29:34.363839
End name method: finish
URL: https://www.xn-----elcjb0blled5a.xn--p1ai/basket/

-----

-----
Test: tests/test_buy_product.py::test_select_product (call)
Start time: 2022-12-10 00:29:42.387871
Start name method: opening_homepage

End time: 2022-12-10 00:29:44.328059
End name method: opening_homepage
URL: https://www.xn-----elcjb0blled5a.xn--p1ai/

-----

-----
Test: tests/test_buy_product.py::test_select_product (call)
Start time: 2022-12-10 00:29:44.328059
Start name method: select_products

End time: 2022-12-10 00:29:46.420913
End name method: select_products
URL: https://www.xn-----elcjb0blled5a.xn--p1ai/catalog/smesitelnye-uzly-dlya-teplogo-pola-i-kollektornye-gruppy/filter/clear/apply/

-----

-----
Test: tests/test_buy_product.py::test_select_product (call)
Start time: 2022-12-10 00:29:46.420913
Start name method: buy_product

End time: 2022-12-10 00:29:50.094270
End name method: buy_product
URL: https://www.xn-----elcjb0blled5a.xn--p1ai/basket/

-----

-----
Test: tests/test_buy_product.py::test_select_product (call)
Start time: 2022-12-10 00:29:50.094270
Start name method: finish

End time: 2022-12-10 00:29:50.259431
End name method: finish
URL: https://www.xn-----elcjb0blled5a.xn--p1ai/basket/

-----

-----
Test: tests/test_check_main_tabs.py::test_check_main_tabs (call)
Start time: 2022-12-10 00:29:58.300048
Start name method: opening_homepage

End time: 2022-12-10 00:30:00.430363
End name method: opening_homepage
URL: https://www.xn-----elcjb0blled5a.xn--p1ai/

-----

-----
Test: tests/test_check_main_tabs.py::test_check_main_tabs (call)
Start time: 2022-12-10 00:30:00.430363
Start name method: check_main_tabs

End time: 2022-12-10 00:30:46.881127
End name method: check_main_tabs
URL: data:,

-----

-----
Test: tests/test_check_main_tabs.py::test_check_main_tabs (call)
Start time: 2022-12-10 00:30:46.882120
Start name method: finish

End time: 2022-12-10 00:30:47.013504
End name method: finish
URL: data:,

-----
