
-----
Test: tests/test_buy_product.py::test_select_product_1 (call)
Start time: 2022-12-09 21:28:29.788021
Start name method: opening_homepage

End time: 2022-12-09 21:28:32.816393
End name method: opening_homepage
URL: https://www.xn-----elcjb0blled5a.xn--p1ai/

-----

-----
Test: tests/test_buy_product.py::test_select_product_1 (call)
Start time: 2022-12-09 21:28:32.816393
Start name method: select_products

End time: 2022-12-09 21:28:34.475764
End name method: select_products
URL: https://www.xn-----elcjb0blled5a.xn--p1ai/catalog/smesitelnye-uzly-dlya-teplogo-pola-i-kollektornye-gruppy/filter/clear/apply/

-----

-----
Test: tests/test_buy_product.py::test_select_product_1 (call)
Start time: 2022-12-09 21:28:34.475764
Start name method: buy_product1

End time: 2022-12-09 21:28:38.058921
End name method: buy_product1
URL: https://www.xn-----elcjb0blled5a.xn--p1ai/basket/

-----

-----
Test: tests/test_buy_product.py::test_select_product_1 (call)
Start time: 2022-12-09 21:28:38.058921
Start name method: finish

End time: 2022-12-09 21:28:38.214506
End name method: finish
URL: https://www.xn-----elcjb0blled5a.xn--p1ai/basket/

-----

-----
Test: tests/test_buy_product.py::test_select_product (call)
Start time: 2022-12-09 21:28:46.257959
Start name method: opening_homepage

End time: 2022-12-09 21:28:50.783972
End name method: opening_homepage
URL: https://www.xn-----elcjb0blled5a.xn--p1ai/

-----

-----
Test: tests/test_buy_product.py::test_select_product (call)
Start time: 2022-12-09 21:28:50.783972
Start name method: select_products

End time: 2022-12-09 21:28:52.658606
End name method: select_products
URL: https://www.xn-----elcjb0blled5a.xn--p1ai/catalog/smesitelnye-uzly-dlya-teplogo-pola-i-kollektornye-gruppy/filter/clear/apply/

-----

-----
Test: tests/test_buy_product.py::test_select_product (call)
Start time: 2022-12-09 21:28:52.659602
Start name method: buy_product

End time: 2022-12-09 21:28:57.963030
End name method: buy_product
URL: https://www.xn-----elcjb0blled5a.xn--p1ai/basket/

-----

-----
Test: tests/test_buy_product.py::test_select_product (call)
Start time: 2022-12-09 21:28:57.963030
Start name method: finish

End time: 2022-12-09 21:28:58.124573
End name method: finish
URL: https://www.xn-----elcjb0blled5a.xn--p1ai/basket/

-----

-----
Test: tests/test_check_main_tabs.py::test_check_main_tabs (call)
Start time: 2022-12-09 21:29:06.142747
Start name method: opening_homepage

End time: 2022-12-09 21:29:10.659929
End name method: opening_homepage
URL: https://www.xn-----elcjb0blled5a.xn--p1ai/

-----

-----
Test: tests/test_check_main_tabs.py::test_check_main_tabs (call)
Start time: 2022-12-09 21:29:10.660926
Start name method: check_main_tabs

End time: 2022-12-09 21:29:58.066675
End name method: check_main_tabs
URL: data:,

-----

-----
Test: tests/test_check_main_tabs.py::test_check_main_tabs (call)
Start time: 2022-12-09 21:29:58.066675
Start name method: finish

End time: 2022-12-09 21:29:58.217825
End name method: finish
URL: data:,

-----
